\BOOKMARK [0][-]{chapter.1}{\376\377\000B\000u\000i\000l\000d}{}% 1
\BOOKMARK [1][-]{section.1.1}{\376\377\000C\000M\000a\000k\000e}{chapter.1}% 2
\BOOKMARK [1][-]{section.1.2}{\376\377\000L\000i\000b\000r\000a\000r\000i\000e\000s}{chapter.1}% 3
\BOOKMARK [2][-]{subsection.1.2.1}{\376\377\000G\000L\000E\000W\000\040\000v\000s\000\040\000G\000L\000A\000D}{section.1.2}% 4
\BOOKMARK [2][-]{subsection.1.2.2}{\376\377\000G\000L\000F\000W\000\040\000v\000s\000\040\000G\000L\000U\000T}{section.1.2}% 5
\BOOKMARK [2][-]{subsection.1.2.3}{\376\377\000g\000l\000m}{section.1.2}% 6
\BOOKMARK [2][-]{subsection.1.2.4}{\376\377\000s\000t\000b\000\040\000i\000m\000a\000g\000e}{section.1.2}% 7
\BOOKMARK [2][-]{subsection.1.2.5}{\376\377\000i\000m\000g\000u\000i}{section.1.2}% 8
\BOOKMARK [0][-]{chapter.2}{\376\377\000W\000i\000n\000d\000o\000w\000s}{}% 9
\BOOKMARK [1][-]{section.2.1}{\376\377\000W\000h\000a\000t\000\040\000i\000s\000\040\000O\000p\000e\000n\000G\000L\000?}{chapter.2}% 10
\BOOKMARK [2][-]{subsection.2.1.1}{\376\377\000G\000r\000a\000p\000h\000i\000c\000s\000\040\000A\000P\000I}{section.2.1}% 11
\BOOKMARK [2][-]{subsection.2.1.2}{\376\377\000I\000m\000p\000l\000e\000m\000e\000n\000t\000a\000t\000a\000t\000i\000o\000n\000s}{section.2.1}% 12
\BOOKMARK [1][-]{section.2.2}{\376\377\000O\000p\000e\000n\000G\000L\000\040\000o\000b\000j\000e\000c\000t}{chapter.2}% 13
\BOOKMARK [1][-]{section.2.3}{\376\377\000O\000p\000e\000n\000G\000L\000\040\000c\000o\000n\000t\000e\000x\000t}{chapter.2}% 14
\BOOKMARK [1][-]{section.2.4}{\376\377\000O\000l\000d\000e\000r\000\040\000O\000p\000e\000n\000G\000L}{chapter.2}% 15
\BOOKMARK [2][-]{subsection.2.4.1}{\376\377\000C\000o\000m\000p\000a\000t\000i\000b\000i\000l\000i\000t\000y\000\040\000i\000s\000s\000u\000e}{section.2.4}% 16
\BOOKMARK [2][-]{subsection.2.4.2}{\376\377\000O\000p\000e\000n\000G\000L\000\040\0001\000.\000x}{section.2.4}% 17
\BOOKMARK [2][-]{subsection.2.4.3}{\376\377\000O\000p\000e\000n\000G\000L\000\040\0002\000.\000x}{section.2.4}% 18
\BOOKMARK [2][-]{subsection.2.4.4}{\376\377\000O\000p\000e\000n\000G\000L\000\040\0003\000.\0000}{section.2.4}% 19
\BOOKMARK [2][-]{subsection.2.4.5}{\376\377\000O\000p\000e\000n\000G\000L\000\040\0003\000.\0001}{section.2.4}% 20
\BOOKMARK [2][-]{subsection.2.4.6}{\376\377\000O\000p\000e\000n\000G\000L\000\040\0003\000.\0002}{section.2.4}% 21
\BOOKMARK [2][-]{subsection.2.4.7}{\376\377\000O\000p\000e\000n\000G\000L\000\040\0003\000.\0003}{section.2.4}% 22
\BOOKMARK [2][-]{subsection.2.4.8}{\376\377\000O\000p\000e\000n\000G\000L\000\040\0004\000.\0000}{section.2.4}% 23
\BOOKMARK [2][-]{subsection.2.4.9}{\376\377\000F\000o\000r\000w\000a\000r\000d\000\040\000c\000o\000m\000p\000a\000t\000i\000b\000i\000l\000i\000t\000y}{section.2.4}% 24
\BOOKMARK [1][-]{section.2.5}{\376\377\000V\000a\000r\000i\000a\000t\000i\000o\000n\000s}{chapter.2}% 25
\BOOKMARK [2][-]{subsection.2.5.1}{\376\377\000W\000G\000L}{section.2.5}% 26
\BOOKMARK [2][-]{subsection.2.5.2}{\376\377\000O\000p\000e\000n\000G\000L\000\040\000E\000S}{section.2.5}% 27
\BOOKMARK [1][-]{section.2.6}{\376\377\000R\000e\000f\000e\000r\000e\000n\000c\000e\000s}{chapter.2}% 28
\BOOKMARK [0][-]{chapter.3}{\376\377\000I\000n\000p\000u\000t\000s}{}% 29
\BOOKMARK [1][-]{section.3.1}{\376\377\000I\000n\000i\000t\000i\000a\000l\000i\000z\000a\000t\000i\000o\000n}{chapter.3}% 30
\BOOKMARK [2][-]{subsection.3.1.1}{\376\377\000W\000i\000n\000d\000o\000w}{section.3.1}% 31
\BOOKMARK [2][-]{subsection.3.1.2}{\376\377\000M\000o\000n\000i\000t\000o\000r}{section.3.1}% 32
\BOOKMARK [2][-]{subsection.3.1.3}{\376\377\000G\000L\000A\000D\000\040\000i\000n\000i\000t\000i\000a\000l\000i\000z\000a\000t\000i\000o\000n}{section.3.1}% 33
\BOOKMARK [1][-]{section.3.2}{\376\377\000I\000n\000p\000u\000t\000\040\000h\000a\000n\000d\000l\000i\000n\000g}{chapter.3}% 34
\BOOKMARK [2][-]{subsection.3.2.1}{\376\377\000K\000e\000y\000b\000o\000a\000r\000d}{section.3.2}% 35
\BOOKMARK [2][-]{subsection.3.2.2}{\376\377\000M\000o\000u\000s\000e}{section.3.2}% 36
\BOOKMARK [2][-]{subsection.3.2.3}{\376\377\000U\000s\000e\000r\000\040\000p\000o\000i\000n\000t\000e\000r\000s}{section.3.2}% 37
\BOOKMARK [1][-]{section.3.3}{\376\377\000R\000e\000n\000d\000e\000r\000\040\000l\000o\000o\000p}{chapter.3}% 38
\BOOKMARK [2][-]{subsection.3.3.1}{\376\377\000T\000i\000m\000e}{section.3.3}% 39
\BOOKMARK [2][-]{subsection.3.3.2}{\376\377\000C\000l\000e\000a\000n\000u\000p\000\040\000f\000u\000n\000c\000t\000i\000o\000n\000s\000.\000.\000?}{section.3.3}% 40
\BOOKMARK [2][-]{subsection.3.3.3}{\376\377\000D\000r\000a\000w\000i\000n\000g\000\040\000c\000o\000m\000m\000a\000n\000d\000s}{section.3.3}% 41
\BOOKMARK [2][-]{subsection.3.3.4}{\376\377\000R\000e\000n\000d\000e\000r\000\040\000r\000a\000t\000e}{section.3.3}% 42
\BOOKMARK [1][-]{section.3.4}{\376\377\000G\000U\000I}{chapter.3}% 43
\BOOKMARK [0][-]{chapter.4}{\376\377\000S\000h\000a\000d\000e\000r\000s}{}% 44
\BOOKMARK [1][-]{section.4.1}{\376\377\000S\000t\000a\000n\000d\000a\000r\000d\000\040\000p\000i\000p\000e\000l\000i\000n\000e}{chapter.4}% 45
\BOOKMARK [1][-]{section.4.2}{\376\377\000S\000h\000a\000d\000e\000r\000\040\000s\000t\000a\000g\000e\000s}{chapter.4}% 46
\BOOKMARK [2][-]{subsection.4.2.1}{\376\377\000S\000h\000a\000d\000e\000r\000\040\000p\000r\000o\000g\000r\000a\000m\000s}{section.4.2}% 47
\BOOKMARK [1][-]{section.4.3}{\376\377\000C\000o\000m\000p\000i\000l\000a\000t\000i\000o\000n}{chapter.4}% 48
\BOOKMARK [2][-]{subsection.4.3.1}{\376\377\000G\000L\000S\000L\000\040\000o\000b\000j\000e\000c\000t\000s}{section.4.3}% 49
\BOOKMARK [1][-]{section.4.4}{\376\377\000V\000e\000r\000t\000e\000x\000\040\000s\000h\000a\000d\000e\000r\000s}{chapter.4}% 50
\BOOKMARK [2][-]{subsection.4.4.1}{\376\377\000V\000e\000r\000t\000e\000x\000\040\000s\000t\000r\000e\000a\000m}{section.4.4}% 51
\BOOKMARK [2][-]{subsection.4.4.2}{\376\377\000V\000B\000O}{section.4.4}% 52
\BOOKMARK [2][-]{subsection.4.4.3}{\376\377\000V\000A\000O}{section.4.4}% 53
\BOOKMARK [1][-]{section.4.5}{\376\377\000F\000r\000a\000g\000m\000e\000n\000t\000\040\000s\000h\000a\000d\000e\000r\000s}{chapter.4}% 54
\BOOKMARK [1][-]{section.4.6}{\376\377\000S\000h\000a\000d\000e\000r\000\040\000c\000l\000a\000s\000s\000\040\271\314\264\344\256\060}{chapter.4}% 55
\BOOKMARK [0][-]{chapter.5}{\376\377\000M\000e\000s\000h\000e\000s}{}% 56
\BOOKMARK [0][-]{chapter.6}{\376\377\000M\000a\000t\000e\000r\000i\000a\000l\000s}{}% 57
\BOOKMARK [1][-]{section.6.1}{\376\377\000W\000r\000a\000p\000p\000i\000n\000g}{chapter.6}% 58
\BOOKMARK [1][-]{section.6.2}{\376\377\000F\000i\000l\000t\000e\000r\000i\000n\000g}{chapter.6}% 59
\BOOKMARK [0][-]{chapter.7}{\376\377\000C\000a\000m\000e\000r\000a\000s}{}% 60
\BOOKMARK [1][-]{subsection.7.0.1}{\376\377\000M\000o\000d\000e\000l\000\040\000m\000a\000t\000r\000i\000x}{chapter.7}% 61
\BOOKMARK [2][-]{subsection.7.0.2}{\376\377\000V\000i\000e\000w\000\040\000m\000a\000t\000r\000i\000x}{subsection.7.0.1}% 62
\BOOKMARK [2][-]{subsection.7.0.3}{\376\377\000P\000r\000o\000j\000e\000c\000t\000i\000o\000n\000\040\000m\000a\000t\000r\000i\000x}{subsection.7.0.1}% 63
\BOOKMARK [2][-]{subsection.7.0.4}{\376\377\000V\000i\000e\000w\000P\000o\000r\000t\000\040\000t\000r\000a\000n\000s\000f\000o\000r\000m\000a\000t\000i\000o\000n}{subsection.7.0.1}% 64
\BOOKMARK [1][-]{section.7.1}{\376\377\0009\000.\0004\000.\000\040\000D\000e\000p\000t\000h\000\040\000b\000u\000f\000f\000e\000r}{chapter.7}% 65
\BOOKMARK [1][-]{section.7.2}{\376\377\000E\000u\000l\000e\000r\000\040\000a\000n\000g\000l\000e}{chapter.7}% 66
\BOOKMARK [1][-]{section.7.3}{\376\377\000T\000h\000r\000e\000e\000\040\000c\000a\000m\000e\000r\000a\000\040\000i\000m\000p\000l\000e\000m\000e\000n\000t\000a\000t\000i\000o\000n\000s}{chapter.7}% 67
\BOOKMARK [0][-]{chapter.8}{\376\377\000L\000i\000g\000h\000t\000i\000n\000g}{}% 68
